{"name": "test_user_application[login_data0]", "status": "broken", "statusDetails": {"message": "selenium.common.exceptions.TimeoutException: Message: Element with ID '//android.widget.Button[@text=\"Kuala Lumpur, Federal Territory of Kuala Lumpur, Malaysia\"]' is not present!\nStacktrace:\nNoSuchElementError: An element could not be located on the page using the given search parameters.\n    at AndroidUiautomator2Driver.findElOrEls (C:\\Users\\User\\.appium\\node_modules\\appium-uiautomator2-driver\\node_modules\\appium-android-driver\\lib\\commands\\find.ts:86:11)\n    at processTicksAndRejections (node:internal/process/task_queues:95:5)\n    at AndroidUiautomator2Driver.findElOrElsWithProcessing (C:\\Users\\User\\AppData\\Roaming\\npm\\node_modules\\appium\\node_modules\\@appium\\base-driver\\lib\\basedriver\\commands\\find.ts:60:12)\n    at AndroidUiautomator2Driver.findElement (C:\\Users\\User\\AppData\\Roaming\\npm\\node_modules\\appium\\node_modules\\@appium\\base-driver\\lib\\basedriver\\commands\\find.ts:75:12)", "trace": "login_data = {'email': 'kevinnanashe@gmail.com', 'password': 'Password@123', 'postal_code': '3000'}\n\n    @pytest.mark.user_application_test\n    @pytest.mark.parametrize(\"login_data\", fully_onboarded_users())\n    \n    \n    def test_user_application(login_data):\n    ####################################################################################\n    \n        \"\"\"Scenario: User Submits An RMO Application\"\"\"\n        \"Rules: Happy paths, static data\"\n    \n        \"Given the user is logged in\";                                    test.step1(login_data)\n        \"And the user starts an RMO application\";                         test.step2()\n    \n        \"When the user selects the first 3 courses\";                      test.step3()\n>       \"And the user sets 'Kuala Lumpur' as their location\";             test.step4()\n\ntests\\user_application_test\\user_application_test.py:19: \n_ _ _ _ _ _ _ _ _ _ _ _ _ _ _ _ _ _ _ _ _ _ _ _ _ _ _ _ _ _ _ _ _ _ _ _ _ _\ntests\\user_application_test\\user_application_steps.py:41: in step4\n    rmo_page.select_location(location)\nlibrary\\pages\\rmo_application_page.py:85: in select_location\n    self.click_location_choice_button(location[\"button\"])\nlibrary\\pages\\rmo_application_page.py:158: in click_location_choice_button\n    click_element(self.driver, choice)\nlibrary\\support.py:38: in click_element\n    button = wait_for_element(driver, element, wait_time)\nlibrary\\support.py:31: in wait_for_element\n    return WebDriverWait(driver, wait_time).until(\n_ _ _ _ _ _ _ _ _ _ _ _ _ _ _ _ _ _ _ _ _ _ _ _ _ _ _ _ _ _ _ _ _ _ _ _ _ _\n\nself = <selenium.webdriver.support.wait.WebDriverWait (session=\"545c94ed-9e2f-4857-9a9d-06a37d30046f\")>\nmethod = <function presence_of_element_located.<locals>._predicate at 0x000001B4575D3A60>\nmessage = 'Element with ID \\'//android.widget.Button[@text=\"Kuala Lumpur, Federal Territory of Kuala Lumpur, Malaysia\"]\\' is not present!'\n\n    def until(self, method: Callable[[D], Union[Literal[False], T]], message: str = \"\") -> T:\n        \"\"\"Calls the method provided with the driver as an argument until the \\\n        return value does not evaluate to ``False``.\n    \n        :param method: callable(WebDriver)\n        :param message: optional message for :exc:`TimeoutException`\n        :returns: the result of the last call to `method`\n        :raises: :exc:`selenium.common.exceptions.TimeoutException` if timeout occurs\n        \"\"\"\n        screen = None\n        stacktrace = None\n    \n        end_time = time.monotonic() + self._timeout\n        while True:\n            try:\n                value = method(self._driver)\n                if value:\n                    return value\n            except self._ignored_exceptions as exc:\n                screen = getattr(exc, \"screen\", None)\n                stacktrace = getattr(exc, \"stacktrace\", None)\n            time.sleep(self._poll)\n            if time.monotonic() > end_time:\n                break\n>       raise TimeoutException(message, screen, stacktrace)\nE       selenium.common.exceptions.TimeoutException: Message: Element with ID '//android.widget.Button[@text=\"Kuala Lumpur, Federal Territory of Kuala Lumpur, Malaysia\"]' is not present!\nE       Stacktrace:\nE       NoSuchElementError: An element could not be located on the page using the given search parameters.\nE           at AndroidUiautomator2Driver.findElOrEls (C:\\Users\\User\\.appium\\node_modules\\appium-uiautomator2-driver\\node_modules\\appium-android-driver\\lib\\commands\\find.ts:86:11)\nE           at processTicksAndRejections (node:internal/process/task_queues:95:5)\nE           at AndroidUiautomator2Driver.findElOrElsWithProcessing (C:\\Users\\User\\AppData\\Roaming\\npm\\node_modules\\appium\\node_modules\\@appium\\base-driver\\lib\\basedriver\\commands\\find.ts:60:12)\nE           at AndroidUiautomator2Driver.findElement (C:\\Users\\User\\AppData\\Roaming\\npm\\node_modules\\appium\\node_modules\\@appium\\base-driver\\lib\\basedriver\\commands\\find.ts:75:12)\n\n.venv\\Lib\\site-packages\\selenium\\webdriver\\support\\wait.py:105: TimeoutException"}, "description": "Scenario: User Submits An RMO Application", "steps": [{"name": "Given the user is logged in & fully onboarded", "status": "passed", "parameters": [{"name": "data", "value": "{'email': 'kevinnanashe@gmail.com', 'password': 'Password@123', 'postal_code': '3000'}"}], "start": 1725281826053, "stop": 1725281856273}, {"name": "And the user starts an RMO application", "status": "passed", "start": 1725281856274, "stop": 1725281870452}, {"name": "When the user selects the first 3 courses", "status": "passed", "start": 1725281870452, "stop": 1725281918084}, {"name": "And the user sets 'Kuala Lumpur' as their location", "status": "broken", "statusDetails": {"message": "selenium.common.exceptions.TimeoutException: Message: Element with ID '//android.widget.Button[@text=\"Kuala Lumpur, Federal Territory of Kuala Lumpur, Malaysia\"]' is not present!\nStacktrace:\nNoSuchElementError: An element could not be located on the page using the given search parameters.\n    at AndroidUiautomator2Driver.findElOrEls (C:\\Users\\User\\.appium\\node_modules\\appium-uiautomator2-driver\\node_modules\\appium-android-driver\\lib\\commands\\find.ts:86:11)\n    at processTicksAndRejections (node:internal/process/task_queues:95:5)\n    at AndroidUiautomator2Driver.findElOrElsWithProcessing (C:\\Users\\User\\AppData\\Roaming\\npm\\node_modules\\appium\\node_modules\\@appium\\base-driver\\lib\\basedriver\\commands\\find.ts:60:12)\n    at AndroidUiautomator2Driver.findElement (C:\\Users\\User\\AppData\\Roaming\\npm\\node_modules\\appium\\node_modules\\@appium\\base-driver\\lib\\basedriver\\commands\\find.ts:75:12)\n", "trace": "  File \"c:\\Users\\User\\Desktop\\niaP\\Kevin\\5\\SEEKA Stuff\\code\\yuzeeAppium\\.venv\\Lib\\site-packages\\allure_commons\\_allure.py\", line 192, in impl\n    return func(*a, **kw)\n           ^^^^^^^^^^^^^^\n  File \"C:\\Users\\User\\Desktop\\niaP\\Kevin\\5\\SEEKA Stuff\\code\\yuzeeAppium\\tests\\user_application_test\\user_application_steps.py\", line 41, in step4\n    rmo_page.select_location(location)\n  File \"C:\\Users\\User\\Desktop\\niaP\\Kevin\\5\\SEEKA Stuff\\code\\yuzeeAppium\\library\\pages\\rmo_application_page.py\", line 85, in select_location\n    self.click_location_choice_button(location[\"button\"])\n  File \"C:\\Users\\User\\Desktop\\niaP\\Kevin\\5\\SEEKA Stuff\\code\\yuzeeAppium\\library\\pages\\rmo_application_page.py\", line 158, in click_location_choice_button\n    click_element(self.driver, choice)\n  File \"C:\\Users\\User\\Desktop\\niaP\\Kevin\\5\\SEEKA Stuff\\code\\yuzeeAppium\\library\\support.py\", line 38, in click_element\n    button = wait_for_element(driver, element, wait_time)\n             ^^^^^^^^^^^^^^^^^^^^^^^^^^^^^^^^^^^^^^^^^^^^\n  File \"C:\\Users\\User\\Desktop\\niaP\\Kevin\\5\\SEEKA Stuff\\code\\yuzeeAppium\\library\\support.py\", line 31, in wait_for_element\n    return WebDriverWait(driver, wait_time).until(\n           ^^^^^^^^^^^^^^^^^^^^^^^^^^^^^^^^^^^^^^^\n  File \"c:\\Users\\User\\Desktop\\niaP\\Kevin\\5\\SEEKA Stuff\\code\\yuzeeAppium\\.venv\\Lib\\site-packages\\selenium\\webdriver\\support\\wait.py\", line 105, in until\n    raise TimeoutException(message, screen, stacktrace)\n"}, "start": 1725281918084, "stop": 1725281938797}], "parameters": [{"name": "login_data", "value": "{'email': 'kevinnanashe@gmail.com', 'password': 'Password@123', 'postal_code': '3000'}"}], "start": 1725281826053, "stop": 1725281938829, "uuid": "67b599f1-bfc6-4519-8b6d-cd2080de2da0", "historyId": "6aacd6d64c89563a892673a240edd037", "testCaseId": "433547c006766067f6c2ce8ff6a20229", "fullName": "tests.user_application_test.user_application_test#test_user_application", "labels": [{"name": "tag", "value": "user_application_test"}, {"name": "parentSuite", "value": "tests.user_application_test"}, {"name": "suite", "value": "user_application_test"}, {"name": "host", "value": "DESKTOP-MBNMRP5"}, {"name": "thread", "value": "4716-MainThread"}, {"name": "framework", "value": "pytest"}, {"name": "language", "value": "cpython3"}, {"name": "package", "value": "tests.user_application_test.user_application_test"}]}